<?xml version="1.0" encoding="utf-8"?><testsuites name="pytest tests"><testsuite name="pytest" errors="0" failures="0" skipped="0" tests="5" time="0.851" timestamp="2026-08-24T10:30:14.794799+00:00" hostname="agent-env-b8597f15-6442-480f-9b80-1cf43336b23f"><testcase classname="tests.test_notifications_addressing" name="test_generate_creates_special_order_approval" time="0.376" /><testcase classname="tests.test_notifications_addressing" name="test_generate_is_idempotent" time="0.111" /><testcase classname="tests.test_notifications_addressing" name="test_sales_does_not_see_special_order_approval" time="0.245" /><testcase classname="tests.test_notifications_addressing" name="test_recipients_are_approvers_only" time="0.016" /><testcase classname="tests.test_notifications_addressing" name="test_entity_isolation_on_notifications" time="0.018" /></testsuite></testsuites>